0 info it worked if it ends with ok
1 verbose cli [ 'node', '/usr/local/bin/npm', 'publish', './' ]
2 info using npm@2.10.1
3 info using node@v0.12.4
4 verbose publish [ './' ]
5 silly cache add args [ './', null ]
6 verbose cache add spec ./
7 silly cache add parsed spec { raw: './',
7 silly cache add   scope: null,
7 silly cache add   name: null,
7 silly cache add   rawSpec: './',
7 silly cache add   spec: '/Users/flrl/Sites/fiddle/www/bubble-arc',
7 silly cache add   type: 'directory' }
8 verbose addLocalDirectory /Users/flrl/.npm/bubble-arc/1.0.0/package.tgz not in flight; packing
9 verbose tar pack [ '/Users/flrl/.npm/bubble-arc/1.0.0/package.tgz',
9 verbose tar pack   '/Users/flrl/Sites/fiddle/www/bubble-arc' ]
10 verbose tarball /Users/flrl/.npm/bubble-arc/1.0.0/package.tgz
11 verbose folder /Users/flrl/Sites/fiddle/www/bubble-arc
12 info prepublish bubble-arc@1.0.0
13 verbose addLocalTarball adding from inside cache /Users/flrl/.npm/bubble-arc/1.0.0/package.tgz
14 silly cache afterAdd bubble-arc@1.0.0
15 verbose afterAdd /Users/flrl/.npm/bubble-arc/1.0.0/package/package.json not in flight; writing
16 verbose afterAdd /Users/flrl/.npm/bubble-arc/1.0.0/package/package.json written
17 silly publish { name: 'bubble-arc',
17 silly publish   version: '1.0.0',
17 silly publish   dependencies: { jquery: '^2.1.4' },
17 silly publish   devDependencies:
17 silly publish    { browserify: '^10.2.4',
17 silly publish      coffeeify: '^1.1.0',
17 silly publish      gulp: '^3.9.0',
17 silly publish      'gulp-cssmin': '^0.1.7',
17 silly publish      'gulp-rename': '^1.2.2',
17 silly publish      'gulp-ruby-sass': '^1.0.5',
17 silly publish      'gulp-uglify': '^1.2.0',
17 silly publish      'vinyl-buffer': '^1.0.0',
17 silly publish      'vinyl-source-stream': '^1.1.0' },
17 silly publish   description: 'Arranges bubbles around a center element with CSS and JavaScript. Building requires ruby, sass and the sass-json-vars gem to be installed.',
17 silly publish   main: 'dist/bubble-arc.min.js',
17 silly publish   scripts: { test: 'echo "Error: no test specified" && exit 1' },
17 silly publish   repository:
17 silly publish    { type: 'git',
17 silly publish      url: 'git+https://github.com/Loilo/bubble-arc.git' },
17 silly publish   author:
17 silly publish    { name: 'Florian Reuschel',
17 silly publish      email: 'florian@loilo.de',
17 silly publish      url: 'http://loilo.de' },
17 silly publish   license: 'MIT',
17 silly publish   bugs: { url: 'https://github.com/Loilo/bubble-arc/issues' },
17 silly publish   homepage: 'https://github.com/Loilo/bubble-arc#readme',
17 silly publish   readme: '# bubble-arc\nArranges bubbles around a center element with CSS and JavaScript. Building requires `ruby`, `sass` and the `sass-json-vars` gem to be installed.',
17 silly publish   readmeFilename: 'README.md',
17 silly publish   gitHead: '1e54752f8a557953a17b6e9c0e44354958880c4f',
17 silly publish   _id: 'bubble-arc@1.0.0',
17 silly publish   _shasum: 'a4584bea42952a85e7badf39c1c2736925fe1d4c',
17 silly publish   _from: '.' }
18 verbose getPublishConfig undefined
19 silly mapToRegistry name bubble-arc
20 silly mapToRegistry using default registry
21 silly mapToRegistry registry https://registry.npmjs.org/
22 silly mapToRegistry uri https://registry.npmjs.org/bubble-arc
23 verbose publish registryBase https://registry.npmjs.org/
24 silly publish uploading /Users/flrl/.npm/bubble-arc/1.0.0/package.tgz
25 verbose request uri https://registry.npmjs.org/bubble-arc
26 verbose request sending authorization for write operation
27 info attempt registry request try #1 at 14:27:58
28 verbose request using bearer token for auth
29 verbose request id 9a10f29337cf1f03
30 http request PUT https://registry.npmjs.org/bubble-arc
31 http 403 https://registry.npmjs.org/bubble-arc
32 verbose headers { 'content-type': 'application/json',
32 verbose headers   'cache-control': 'max-age=60',
32 verbose headers   'content-length': '95',
32 verbose headers   'accept-ranges': 'bytes',
32 verbose headers   date: 'Tue, 09 Jun 2015 12:27:59 GMT',
32 verbose headers   via: '1.1 varnish',
32 verbose headers   connection: 'keep-alive',
32 verbose headers   'x-served-by': 'cache-ams4129-AMS',
32 verbose headers   'x-cache': 'MISS',
32 verbose headers   'x-cache-hits': '0',
32 verbose headers   'x-timer': 'S1433852878.586059,VS0,VE643' }
33 verbose request invalidating /Users/flrl/.npm/registry.npmjs.org/bubble-arc on PUT
34 error publish Failed PUT 403
35 verbose stack Error: "You cannot publish over the previously published version 1.0.0." : bubble-arc
35 verbose stack     at CachingRegistryClient.<anonymous> (/usr/local/lib/node_modules/npm/node_modules/npm-registry-client/lib/request.js:247:14)
35 verbose stack     at Request._callback (/usr/local/lib/node_modules/npm/node_modules/npm-registry-client/lib/request.js:170:14)
35 verbose stack     at Request.self.callback (/usr/local/lib/node_modules/npm/node_modules/request/request.js:368:22)
35 verbose stack     at Request.emit (events.js:110:17)
35 verbose stack     at Request.<anonymous> (/usr/local/lib/node_modules/npm/node_modules/request/request.js:1219:14)
35 verbose stack     at Request.emit (events.js:129:20)
35 verbose stack     at IncomingMessage.<anonymous> (/usr/local/lib/node_modules/npm/node_modules/request/request.js:1167:12)
35 verbose stack     at IncomingMessage.emit (events.js:129:20)
35 verbose stack     at _stream_readable.js:908:16
35 verbose stack     at process._tickCallback (node.js:355:11)
36 verbose statusCode 403
37 verbose pkgid bubble-arc
38 verbose cwd /Users/flrl/Sites/fiddle/www/bubble-arc
39 error Darwin 14.3.0
40 error argv "node" "/usr/local/bin/npm" "publish" "./"
41 error node v0.12.4
42 error npm  v2.10.1
43 error code E403
44 error "You cannot publish over the previously published version 1.0.0." : bubble-arc
45 error If you need help, you may report this error at:
45 error     <https://github.com/npm/npm/issues>
46 verbose exit [ 1, true ]
